build/app/outputs/mapping/r8/release/mapping.txt
# compiler: R8
# compiler_version: 1.2.49
# min_api: 16
com.yourcompany.flutter_app.MainActivity -> com.yourcompany.flutter_app.MainActivity:
...
io.flutter.plugin.common.StringCodec -> b.a.b.a.r:
    io.flutter.plugin.common.StringCodec INSTANCE -> b
    java.nio.charset.Charset UTF8 -> a
    java.lang.Object decodeMessage(java.nio.ByteBuffer) -> a
    java.lang.String decodeMessage(java.nio.ByteBuffer) -> b
    java.nio.ByteBuffer encodeMessage(java.lang.Object) -> a
    java.nio.ByteBuffer encodeMessage(java.lang.String) -> a
io.flutter.plugin.editing.InputConnectionAdaptor -> b.a.b.b.a:
    android.text.Editable mEditable -> d
    android.text.Layout mLayout -> g
    android.view.View mFlutterView -> a
    android.view.inputmethod.InputMethodManager mImm -> f
    int mBatchCount -> e
    int mClient -> b
    io.flutter.embedding.engine.systemchannels.TextInputChannel textInputChannel -> c
    int clampIndexToEditable(int,android.text.Editable) -> a
    void updateEditingState() -> a
io.flutter.plugin.editing.TextInputPlugin -> b.a.b.b.c:
    android.text.Editable mEditable -> f
    android.view.View mView -> a
    android.view.inputmethod.InputConnection lastInputConnection -> h
    android.view.inputmethod.InputMethodManager mImm -> b
    boolean isInputConnectionLocked -> k
    boolean mRestartInputPending -> g
    boolean restartAlwaysRequired -> j
    io.flutter.embedding.engine.systemchannels.TextInputChannel textInputChannel -> c
    io.flutter.embedding.engine.systemchannels.TextInputChannel$Configuration configuration -> e
    io.flutter.plugin.editing.TextInputPlugin$InputTarget inputTarget -> d
    io.flutter.plugin.platform.PlatformViewsController platformViewsController -> i
    android.view.View access$000(io.flutter.plugin.editing.TextInputPlugin) -> a
    boolean isRestartAlwaysRequired() -> e
    int inputTypeFromTextInputType(io.flutter.embedding.engine.systemchannels.TextInputChannel$InputType,boolean,boolean,io.flutter.embedding.engine.systemchannels.TextInputChannel$TextCapitalization) -> a
    void access$100(io.flutter.plugin.editing.TextInputPlugin,android.view.View) -> a
    void access$200(io.flutter.plugin.editing.TextInputPlugin,android.view.View) -> b
    void access$300(io.flutter.plugin.editing.TextInputPlugin,int) -> a
    void access$400(io.flutter.plugin.editing.TextInputPlugin) -> b
    void applyStateToSelection(io.flutter.embedding.engine.systemchannels.TextInputChannel$TextEditState) -> a
io.flutter.plugin.editing.TextInputPlugin$1 -> b.a.b.b.b:
    io.flutter.plugin.editing.TextInputPlugin this$0 -> a
    void clearClient() -> a
    void hide() -> c
    void setClient(int,io.flutter.embedding.engine.systemchannels.TextInputChannel$Configuration) -> a
    void setEditingState(io.flutter.embedding.engine.systemchannels.TextInputChannel$TextEditState) -> a
    void setPlatformViewClient(int) -> a
    void show() -> b
io.flutter.plugin.editing.TextInputPlugin$InputTarget -> b.a.b.b.c$a:
    int id -> b
    io.flutter.plugin.editing.TextInputPlugin$InputTarget$Type type -> a
io.flutter.plugin.editing.TextInputPlugin$InputTarget$Type -> b.a.b.b.c$a$a:
    io.flutter.plugin.editing.TextInputPlugin$InputTarget$Type FRAMEWORK_CLIENT -> b
    io.flutter.plugin.editing.TextInputPlugin$InputTarget$Type NO_TARGET -> a
    io.flutter.plugin.editing.TextInputPlugin$InputTarget$Type PLATFORM_VIEW -> c
    io.flutter.plugin.editing.TextInputPlugin$InputTarget$Type[] $VALUES -> d
io.flutter.plugin.platform.-$$Lambda$PlatformViewsController$1$yCLpCrkCk5PKTxnfIMt18jB15HI -> io.flutter.plugin.platform.a:
    io.flutter.embedding.engine.systemchannels.PlatformViewsChannel$PlatformViewCreationRequest f$1 -> b
    io.flutter.plugin.platform.PlatformViewsController$1 f$0 -> a
io.flutter.plugin.platform.AccessibilityEventsDelegate -> io.flutter.plugin.platform.b:
    io.flutter.view.AccessibilityBridge accessibilityBridge -> a
    boolean requestSendAccessibilityEvent(android.view.View,android.view.View,android.view.accessibility.AccessibilityEvent) -> a
    void setAccessibilityBridge(io.flutter.view.AccessibilityBridge) -> a